INFO: [VRFC 10-2263] Analyzing Verilog file "D:/Desktop/CS207_DigitalLogic_Project/CS207_DigitalLogic_Project.srcs/sources_1/new/change_calc.v" into library xil_defaultlib
INFO: [VRFC 10-311] analyzing module change_calc
INFO: [VRFC 10-2263] Analyzing Verilog file "D:/Desktop/CS207_DigitalLogic_Project/CS207_DigitalLogic_Project.srcs/sources_1/new/debounce.v" into library xil_defaultlib
INFO: [VRFC 10-311] analyzing module debounce
INFO: [VRFC 10-2263] Analyzing Verilog file "D:/Desktop/CS207_DigitalLogic_Project/CS207_DigitalLogic_Project.srcs/sources_1/new/edge_detect.v" into library xil_defaultlib
INFO: [VRFC 10-311] analyzing module edge_detect
INFO: [VRFC 10-2263] Analyzing Verilog file "D:/Desktop/CS207_DigitalLogic_Project/CS207_DigitalLogic_Project.srcs/sources_1/new/inventory_mgr.v" into library xil_defaultlib
INFO: [VRFC 10-311] analyzing module inventory_mgr
INFO: [VRFC 10-2263] Analyzing Verilog file "D:/Desktop/CS207_DigitalLogic_Project/CS207_DigitalLogic_Project.srcs/sources_1/new/money_counter.v" into library xil_defaultlib
INFO: [VRFC 10-311] analyzing module money_counter
INFO: [VRFC 10-2263] Analyzing Verilog file "D:/Desktop/CS207_DigitalLogic_Project/CS207_DigitalLogic_Project.srcs/sources_1/new/price_rom.v" into library xil_defaultlib
INFO: [VRFC 10-311] analyzing module price_rom
INFO: [VRFC 10-2263] Analyzing Verilog file "D:/Desktop/CS207_DigitalLogic_Project/CS207_DigitalLogic_Project.srcs/sources_1/new/seg7_driver.v" into library xil_defaultlib
INFO: [VRFC 10-311] analyzing module seg7_driver
INFO: [VRFC 10-2263] Analyzing Verilog file "D:/Desktop/CS207_DigitalLogic_Project/CS207_DigitalLogic_Project.srcs/sources_1/new/status_led.v" into library xil_defaultlib
INFO: [VRFC 10-311] analyzing module status_led
INFO: [VRFC 10-2263] Analyzing Verilog file "D:/Desktop/CS207_DigitalLogic_Project/CS207_DigitalLogic_Project.srcs/sources_1/new/vending_fsm.v" into library xil_defaultlib
INFO: [VRFC 10-311] analyzing module vending_fsm
INFO: [VRFC 10-2263] Analyzing Verilog file "D:/Desktop/CS207_DigitalLogic_Project/CS207_DigitalLogic_Project.srcs/sources_1/new/vending_top.v" into library xil_defaultlib
INFO: [VRFC 10-311] analyzing module vending_top
INFO: [VRFC 10-2263] Analyzing Verilog file "D:/Desktop/CS207_DigitalLogic_Project/CS207_DigitalLogic_Project.srcs/sim_1/new/vending_top_tb.v" into library xil_defaultlib
INFO: [VRFC 10-311] analyzing module vending_top_tb
INFO: [VRFC 10-2263] Analyzing Verilog file "D:/Desktop/CS207_DigitalLogic_Project/CS207_DigitalLogic_Project.sim/sim_1/behav/xsim/glbl.v" into library xil_defaultlib
INFO: [VRFC 10-311] analyzing module glbl
